2025-06-20 13:04:46,101 [INFO] Detected Excel (.xlsx) file format.
2025-06-20 13:05:00,482 [INFO] Filtered rows where Count == 1: 999
2025-06-20 13:05:00,578 [INFO] Data exported successfully to: C:\Users\hitesh.paliwal\Desktop\ExcelProject\filtered_vins.xlsx
2025-06-20 13:05:00,579 [INFO] Processing completed in 14.48 seconds.
2025-06-20 14:17:31,325 [INFO] Detected Excel (.xlsx) file format.
2025-06-20 14:17:45,218 [INFO] Detected CSV (.csv) file format.
2025-06-20 14:17:45,233 [INFO] Filtered rows where Count == 1: 0
2025-06-20 14:17:45,252 [INFO] Data exported successfully to: C:\Users\hitesh.paliwal\Desktop\ExcelProject\filtered_vins2.csv
2025-06-20 14:17:45,253 [INFO] Processing completed in 0.04 seconds.
2025-06-20 14:25:38,356 [INFO] Detected Excel (.xlsx) file format.
2025-06-20 14:25:52,346 [INFO] Filtered rows where Count == 1: 999
2025-06-20 14:25:52,436 [INFO] Data exported successfully to: C:\Users\hitesh.paliwal\Desktop\ExcelProject\filtered_vins1.xlsx
2025-06-20 14:25:52,437 [INFO] Processing completed in 14.08 seconds.
2025-06-20 14:31:05,359 [INFO] Detected CSV (.csv) file format.
2025-06-20 14:31:05,368 [INFO] Input file columns: ['Contract Number', 'Form', 'VIN', 'Pure Risk Type']
2025-06-20 14:31:05,376 [INFO] Filtered rows where Count == 1: 0
2025-06-20 14:31:05,380 [INFO] Data exported successfully to: C:\Users\hitesh.paliwal\Desktop\ExcelProject\filtered_vins2.csv
2025-06-20 14:31:05,380 [INFO] Processing completed in 0.02 seconds.
2025-06-20 14:31:38,538 [INFO] Detected CSV (.csv) file format.
2025-06-20 14:31:38,547 [INFO] Input file columns: ['Contract Number', 'Form', 'VIN', 'Pure Risk Type']
2025-06-20 14:31:38,553 [INFO] Filtered rows where Count == 1: 0
2025-06-20 14:31:38,558 [INFO] Data exported successfully to: C:\Users\hitesh.paliwal\Desktop\ExcelProject\filtered_vins2.csv
2025-06-20 14:31:38,558 [INFO] Processing completed in 0.02 seconds.
2025-06-20 14:33:44,531 [INFO] Detected CSV (.csv) file format.
2025-06-20 14:33:44,542 [INFO] Input file columns: ['Contract Number', 'Form', 'VIN', 'Pure Risk Type']
2025-06-20 14:33:44,574 [INFO] Rows matching each condition:
               Form                VIN Pure Risk Type  Match_Form  Match_VIN  Prev_Key  Curr_Roadside  Count
0   ECAMPDWKSCSA623  SCFRMFFW5RGL13884            KEY       False      False     False          False      0
1    ECANKEY4BFI124  1FTEW2KP3RKF10354            KEY       False      False     False          False      0
2    ECANKEY4BFI124  1HGCY1F37RA042042            KEY        True      False     False          False      0
3    ECANKEY4BFI124  5NMJB3DE5SH520168            KEY        True      False     False          False      0
4    ECANKEY4BFI124  5NMJC3DEXSH519501            KEY        True      False     False          False      0
5    ECANKEY4BFI124  5NMP54GL7RH052858            KEY        True      False     False          False      0
6    ECANKEY4BFI124  SALKPBFU6SA294259            KEY        True      False     False          False      0
7   ECANKEY4BGEN124  2HGFE1F73NH320245            KEY       False      False     False          False      0
8   ECANKEY4BGEN124  2HGFE4F85SH313027            KEY        True      False     False          False      0
9   ECANKEY4BGEN124  3CZRZ1H52SM729582            KEY        True      False     False          False      0
10  ECANKEY4BGEN124  3CZRZ1H53SM725315            KEY        True      False     False          False      0
11  ECANKEY4BGEN124  3CZRZ1H73SM723842            KEY        True      False     False          False      0
12  ECANKEY4BGEN124  3GPKHWRM6RS532867            KEY        True      False     False          False      0
13  ECANKEY4BGEN124  3GPKHXRJ0RS533122            KEY        True      False     False          False      0
14  ECANKEY4BGEN124  3GPKHXRJ1RS508939            KEY        True      False     False          False      0
15  ECANKEY4BGEN124  3GPKHXRJ1RS537728            KEY        True      False     False          False      0
16  ECANKEY4BGEN124  3GPKHXRJ2RS513387            KEY        True      False     False          False      0
17  ECANKEY4BGEN124  3GPKHXRJ7RS535465            KEY        True      False     False          False      0
18  ECANKEY4BGEN124  3GPKHXRJXRS528879            KEY        True      False     False          False      0
19  ECANKEY4BGEN124  3GPKHZRJ8RS537298            KEY        True      False     False          False      0
2025-06-20 14:33:44,576 [INFO] Filtered rows where Count == 1: 0
2025-06-20 14:33:44,579 [INFO] Data exported successfully to: C:\Users\hitesh.paliwal\Desktop\ExcelProject\filtered_vins2.csv
2025-06-20 14:33:44,580 [INFO] Processing completed in 0.05 seconds.
2025-06-20 14:36:38,987 [INFO] Detected CSV (.csv) file format.
2025-06-20 14:36:38,998 [INFO] Input file columns: ['Contract Number', 'Form', 'VIN', 'Pure Risk Type']
2025-06-20 14:36:39,010 [INFO] Rows matching each condition:
               Form                VIN Pure Risk Type  Match_Form  Match_VIN  Prev_Key  Curr_Roadside  Count
0   ECAMPDWKSCSA623  SCFRMFFW5RGL13884            KEY       False      False     False          False      0
1    ECANKEY4BFI124  1FTEW2KP3RKF10354            KEY       False      False      True          False      0
2    ECANKEY4BFI124  1HGCY1F37RA042042            KEY        True      False      True          False      0
3    ECANKEY4BFI124  5NMJB3DE5SH520168            KEY        True      False      True          False      0
4    ECANKEY4BFI124  5NMJC3DEXSH519501            KEY        True      False      True          False      0
5    ECANKEY4BFI124  5NMP54GL7RH052858            KEY        True      False      True          False      0
6    ECANKEY4BFI124  SALKPBFU6SA294259            KEY        True      False      True          False      0
7   ECANKEY4BGEN124  2HGFE1F73NH320245            KEY       False      False      True          False      0
8   ECANKEY4BGEN124  2HGFE4F85SH313027            KEY        True      False      True          False      0
9   ECANKEY4BGEN124  3CZRZ1H52SM729582            KEY        True      False      True          False      0
10  ECANKEY4BGEN124  3CZRZ1H53SM725315            KEY        True      False      True          False      0
11  ECANKEY4BGEN124  3CZRZ1H73SM723842            KEY        True      False      True          False      0
12  ECANKEY4BGEN124  3GPKHWRM6RS532867            KEY        True      False      True          False      0
13  ECANKEY4BGEN124  3GPKHXRJ0RS533122            KEY        True      False      True          False      0
14  ECANKEY4BGEN124  3GPKHXRJ1RS508939            KEY        True      False      True          False      0
15  ECANKEY4BGEN124  3GPKHXRJ1RS537728            KEY        True      False      True          False      0
16  ECANKEY4BGEN124  3GPKHXRJ2RS513387            KEY        True      False      True          False      0
17  ECANKEY4BGEN124  3GPKHXRJ7RS535465            KEY        True      False      True          False      0
18  ECANKEY4BGEN124  3GPKHXRJXRS528879            KEY        True      False      True          False      0
19  ECANKEY4BGEN124  3GPKHZRJ8RS537298            KEY        True      False      True          False      0
2025-06-20 14:36:39,012 [INFO] Filtered rows where Count == 1: 71
2025-06-20 14:36:39,030 [INFO] Data exported successfully to: C:\Users\hitesh.paliwal\Desktop\ExcelProject\filtered_vins2.csv
2025-06-20 14:36:39,030 [INFO] Processing completed in 0.04 seconds.
2025-06-20 14:37:16,351 [INFO] Detected CSV (.csv) file format.
2025-06-20 14:37:16,364 [INFO] Input file columns: ['Contract Number', 'Form', 'VIN', 'Pure Risk Type']
2025-06-20 14:37:16,371 [INFO] Filtered rows where Count == 1: 71
2025-06-20 14:37:16,377 [INFO] Data exported successfully to: C:\Users\hitesh.paliwal\Desktop\ExcelProject\filtered_vins2.csv
2025-06-20 14:37:16,377 [INFO] Processing completed in 0.03 seconds.
2025-06-20 14:42:45,369 [INFO] Detected CSV (.csv) file format.
2025-06-20 14:42:45,371 [ERROR] Error reading input file: [Errno 2] No such file or directory: 'C:\\path\\to\\VAS Roadside dupes 2025-05-06T1409.csv'
Traceback (most recent call last):
  File "C:\Users\hitesh.paliwal\Desktop\ExcelProject\excel_processing.py", line 41, in read_input_file
    data_frame = pd.read_csv(file_path, dtype=str)
  File "C:\Users\hitesh.paliwal\Desktop\ExcelProject\.venv\lib\site-packages\pandas\io\parsers\readers.py", line 1026, in read_csv
    return _read(filepath_or_buffer, kwds)
  File "C:\Users\hitesh.paliwal\Desktop\ExcelProject\.venv\lib\site-packages\pandas\io\parsers\readers.py", line 620, in _read
    parser = TextFileReader(filepath_or_buffer, **kwds)
  File "C:\Users\hitesh.paliwal\Desktop\ExcelProject\.venv\lib\site-packages\pandas\io\parsers\readers.py", line 1620, in __init__
    self._engine = self._make_engine(f, self.engine)
  File "C:\Users\hitesh.paliwal\Desktop\ExcelProject\.venv\lib\site-packages\pandas\io\parsers\readers.py", line 1880, in _make_engine
    self.handles = get_handle(
  File "C:\Users\hitesh.paliwal\Desktop\ExcelProject\.venv\lib\site-packages\pandas\io\common.py", line 873, in get_handle
    handle = open(
FileNotFoundError: [Errno 2] No such file or directory: 'C:\\path\\to\\VAS Roadside dupes 2025-05-06T1409.csv'
2025-06-20 14:42:45,383 [ERROR] Processing failed: [Errno 2] No such file or directory: 'C:\\path\\to\\VAS Roadside dupes 2025-05-06T1409.csv'
Traceback (most recent call last):
  File "C:\Users\hitesh.paliwal\Desktop\ExcelProject\excel_processing.py", line 157, in process_excel
    data_frame = read_input_file(file_path)
  File "C:\Users\hitesh.paliwal\Desktop\ExcelProject\excel_processing.py", line 41, in read_input_file
    data_frame = pd.read_csv(file_path, dtype=str)
  File "C:\Users\hitesh.paliwal\Desktop\ExcelProject\.venv\lib\site-packages\pandas\io\parsers\readers.py", line 1026, in read_csv
    return _read(filepath_or_buffer, kwds)
  File "C:\Users\hitesh.paliwal\Desktop\ExcelProject\.venv\lib\site-packages\pandas\io\parsers\readers.py", line 620, in _read
    parser = TextFileReader(filepath_or_buffer, **kwds)
  File "C:\Users\hitesh.paliwal\Desktop\ExcelProject\.venv\lib\site-packages\pandas\io\parsers\readers.py", line 1620, in __init__
    self._engine = self._make_engine(f, self.engine)
  File "C:\Users\hitesh.paliwal\Desktop\ExcelProject\.venv\lib\site-packages\pandas\io\parsers\readers.py", line 1880, in _make_engine
    self.handles = get_handle(
  File "C:\Users\hitesh.paliwal\Desktop\ExcelProject\.venv\lib\site-packages\pandas\io\common.py", line 873, in get_handle
    handle = open(
FileNotFoundError: [Errno 2] No such file or directory: 'C:\\path\\to\\VAS Roadside dupes 2025-05-06T1409.csv'
2025-06-20 14:42:58,456 [INFO] Detected CSV (.csv) file format.
2025-06-20 14:42:58,457 [ERROR] Error reading input file: [Errno 2] No such file or directory: 'C:\\path\\to\\VAS Roadside dupes 2025-05-06T1409.csv'
Traceback (most recent call last):
  File "C:\Users\hitesh.paliwal\Desktop\ExcelProject\excel_processing.py", line 41, in read_input_file
    data_frame = pd.read_csv(file_path, dtype=str)
  File "C:\Users\hitesh.paliwal\Desktop\ExcelProject\.venv\lib\site-packages\pandas\io\parsers\readers.py", line 1026, in read_csv
    return _read(filepath_or_buffer, kwds)
  File "C:\Users\hitesh.paliwal\Desktop\ExcelProject\.venv\lib\site-packages\pandas\io\parsers\readers.py", line 620, in _read
    parser = TextFileReader(filepath_or_buffer, **kwds)
  File "C:\Users\hitesh.paliwal\Desktop\ExcelProject\.venv\lib\site-packages\pandas\io\parsers\readers.py", line 1620, in __init__
    self._engine = self._make_engine(f, self.engine)
  File "C:\Users\hitesh.paliwal\Desktop\ExcelProject\.venv\lib\site-packages\pandas\io\parsers\readers.py", line 1880, in _make_engine
    self.handles = get_handle(
  File "C:\Users\hitesh.paliwal\Desktop\ExcelProject\.venv\lib\site-packages\pandas\io\common.py", line 873, in get_handle
    handle = open(
FileNotFoundError: [Errno 2] No such file or directory: 'C:\\path\\to\\VAS Roadside dupes 2025-05-06T1409.csv'
2025-06-20 14:42:58,460 [ERROR] Processing failed: [Errno 2] No such file or directory: 'C:\\path\\to\\VAS Roadside dupes 2025-05-06T1409.csv'
Traceback (most recent call last):
  File "C:\Users\hitesh.paliwal\Desktop\ExcelProject\excel_processing.py", line 157, in process_excel
    data_frame = read_input_file(file_path)
  File "C:\Users\hitesh.paliwal\Desktop\ExcelProject\excel_processing.py", line 41, in read_input_file
    data_frame = pd.read_csv(file_path, dtype=str)
  File "C:\Users\hitesh.paliwal\Desktop\ExcelProject\.venv\lib\site-packages\pandas\io\parsers\readers.py", line 1026, in read_csv
    return _read(filepath_or_buffer, kwds)
  File "C:\Users\hitesh.paliwal\Desktop\ExcelProject\.venv\lib\site-packages\pandas\io\parsers\readers.py", line 620, in _read
    parser = TextFileReader(filepath_or_buffer, **kwds)
  File "C:\Users\hitesh.paliwal\Desktop\ExcelProject\.venv\lib\site-packages\pandas\io\parsers\readers.py", line 1620, in __init__
    self._engine = self._make_engine(f, self.engine)
  File "C:\Users\hitesh.paliwal\Desktop\ExcelProject\.venv\lib\site-packages\pandas\io\parsers\readers.py", line 1880, in _make_engine
    self.handles = get_handle(
  File "C:\Users\hitesh.paliwal\Desktop\ExcelProject\.venv\lib\site-packages\pandas\io\common.py", line 873, in get_handle
    handle = open(
FileNotFoundError: [Errno 2] No such file or directory: 'C:\\path\\to\\VAS Roadside dupes 2025-05-06T1409.csv'
2025-06-20 14:44:25,475 [INFO] Detected CSV (.csv) file format.
2025-06-20 14:44:25,481 [INFO] Input file columns: ['CONTRACT NUMBER', 'FORM', 'VIN', 'PURE RISK TYPE']
2025-06-20 14:44:25,502 [INFO] Filtered rows where COUNT == 1: 71
2025-06-20 14:44:25,504 [ERROR] Error exporting DataFrame: [Errno 13] Permission denied: 'C:\\Users\\hitesh.paliwal\\Desktop\\ExcelProject\\filtered_vins2.csv'
Traceback (most recent call last):
  File "C:\Users\hitesh.paliwal\Desktop\ExcelProject\excel_processing.py", line 141, in export_dataframe
    data_frame.to_csv(output_path, index=False)
  File "C:\Users\hitesh.paliwal\Desktop\ExcelProject\.venv\lib\site-packages\pandas\util\_decorators.py", line 333, in wrapper
    return func(*args, **kwargs)
  File "C:\Users\hitesh.paliwal\Desktop\ExcelProject\.venv\lib\site-packages\pandas\core\generic.py", line 3967, in to_csv
    return DataFrameRenderer(formatter).to_csv(
  File "C:\Users\hitesh.paliwal\Desktop\ExcelProject\.venv\lib\site-packages\pandas\io\formats\format.py", line 1014, in to_csv
    csv_formatter.save()
  File "C:\Users\hitesh.paliwal\Desktop\ExcelProject\.venv\lib\site-packages\pandas\io\formats\csvs.py", line 251, in save
    with get_handle(
  File "C:\Users\hitesh.paliwal\Desktop\ExcelProject\.venv\lib\site-packages\pandas\io\common.py", line 873, in get_handle
    handle = open(
PermissionError: [Errno 13] Permission denied: 'C:\\Users\\hitesh.paliwal\\Desktop\\ExcelProject\\filtered_vins2.csv'
2025-06-20 14:44:25,513 [ERROR] Processing failed: [Errno 13] Permission denied: 'C:\\Users\\hitesh.paliwal\\Desktop\\ExcelProject\\filtered_vins2.csv'
Traceback (most recent call last):
  File "C:\Users\hitesh.paliwal\Desktop\ExcelProject\excel_processing.py", line 162, in process_excel
    export_dataframe(filtered_vins, output_file_path)
  File "C:\Users\hitesh.paliwal\Desktop\ExcelProject\excel_processing.py", line 141, in export_dataframe
    data_frame.to_csv(output_path, index=False)
  File "C:\Users\hitesh.paliwal\Desktop\ExcelProject\.venv\lib\site-packages\pandas\util\_decorators.py", line 333, in wrapper
    return func(*args, **kwargs)
  File "C:\Users\hitesh.paliwal\Desktop\ExcelProject\.venv\lib\site-packages\pandas\core\generic.py", line 3967, in to_csv
    return DataFrameRenderer(formatter).to_csv(
  File "C:\Users\hitesh.paliwal\Desktop\ExcelProject\.venv\lib\site-packages\pandas\io\formats\format.py", line 1014, in to_csv
    csv_formatter.save()
  File "C:\Users\hitesh.paliwal\Desktop\ExcelProject\.venv\lib\site-packages\pandas\io\formats\csvs.py", line 251, in save
    with get_handle(
  File "C:\Users\hitesh.paliwal\Desktop\ExcelProject\.venv\lib\site-packages\pandas\io\common.py", line 873, in get_handle
    handle = open(
PermissionError: [Errno 13] Permission denied: 'C:\\Users\\hitesh.paliwal\\Desktop\\ExcelProject\\filtered_vins2.csv'
2025-06-20 14:45:33,542 [INFO] Detected CSV (.csv) file format.
2025-06-20 14:45:33,548 [INFO] Input file columns: ['CONTRACT NUMBER', 'FORM', 'VIN', 'PURE RISK TYPE']
2025-06-20 14:45:33,554 [INFO] Filtered rows where COUNT == 1: 71
2025-06-20 14:45:33,556 [ERROR] Error exporting DataFrame: [Errno 13] Permission denied: 'C:\\Users\\hitesh.paliwal\\Desktop\\ExcelProject\\filtered_vins2.csv'
Traceback (most recent call last):
  File "C:\Users\hitesh.paliwal\Desktop\ExcelProject\excel_processing.py", line 147, in export_dataframe
    data_frame.to_csv(output_path, index=False)
  File "C:\Users\hitesh.paliwal\Desktop\ExcelProject\.venv\lib\site-packages\pandas\util\_decorators.py", line 333, in wrapper
    return func(*args, **kwargs)
  File "C:\Users\hitesh.paliwal\Desktop\ExcelProject\.venv\lib\site-packages\pandas\core\generic.py", line 3967, in to_csv
    return DataFrameRenderer(formatter).to_csv(
  File "C:\Users\hitesh.paliwal\Desktop\ExcelProject\.venv\lib\site-packages\pandas\io\formats\format.py", line 1014, in to_csv
    csv_formatter.save()
  File "C:\Users\hitesh.paliwal\Desktop\ExcelProject\.venv\lib\site-packages\pandas\io\formats\csvs.py", line 251, in save
    with get_handle(
  File "C:\Users\hitesh.paliwal\Desktop\ExcelProject\.venv\lib\site-packages\pandas\io\common.py", line 873, in get_handle
    handle = open(
PermissionError: [Errno 13] Permission denied: 'C:\\Users\\hitesh.paliwal\\Desktop\\ExcelProject\\filtered_vins2.csv'
2025-06-20 14:45:33,562 [ERROR] Processing failed: [Errno 13] Permission denied: 'C:\\Users\\hitesh.paliwal\\Desktop\\ExcelProject\\filtered_vins2.csv'
Traceback (most recent call last):
  File "C:\Users\hitesh.paliwal\Desktop\ExcelProject\excel_processing.py", line 168, in process_excel
    export_dataframe(filtered_vins, output_file_path)
  File "C:\Users\hitesh.paliwal\Desktop\ExcelProject\excel_processing.py", line 147, in export_dataframe
    data_frame.to_csv(output_path, index=False)
  File "C:\Users\hitesh.paliwal\Desktop\ExcelProject\.venv\lib\site-packages\pandas\util\_decorators.py", line 333, in wrapper
    return func(*args, **kwargs)
  File "C:\Users\hitesh.paliwal\Desktop\ExcelProject\.venv\lib\site-packages\pandas\core\generic.py", line 3967, in to_csv
    return DataFrameRenderer(formatter).to_csv(
  File "C:\Users\hitesh.paliwal\Desktop\ExcelProject\.venv\lib\site-packages\pandas\io\formats\format.py", line 1014, in to_csv
    csv_formatter.save()
  File "C:\Users\hitesh.paliwal\Desktop\ExcelProject\.venv\lib\site-packages\pandas\io\formats\csvs.py", line 251, in save
    with get_handle(
  File "C:\Users\hitesh.paliwal\Desktop\ExcelProject\.venv\lib\site-packages\pandas\io\common.py", line 873, in get_handle
    handle = open(
PermissionError: [Errno 13] Permission denied: 'C:\\Users\\hitesh.paliwal\\Desktop\\ExcelProject\\filtered_vins2.csv'
2025-06-20 14:46:16,641 [INFO] Detected CSV (.csv) file format.
2025-06-20 14:46:16,647 [INFO] Input file columns: ['CONTRACT NUMBER', 'FORM', 'VIN', 'PURE RISK TYPE']
2025-06-20 14:46:16,652 [INFO] Filtered rows where COUNT == 1: 71
2025-06-20 14:46:16,655 [INFO] Data exported successfully to: C:\Users\hitesh.paliwal\Desktop\ExcelProject\filtered_vins2.csv
2025-06-20 14:46:16,655 [INFO] Processing completed in 0.01 seconds.
2025-06-20 14:46:38,102 [INFO] Detected CSV (.csv) file format.
2025-06-20 14:46:38,108 [INFO] Input file columns: ['CONTRACT NUMBER', 'FORM', 'VIN', 'PURE RISK TYPE']
2025-06-20 14:46:38,113 [INFO] Filtered rows where COUNT == 1: 71
2025-06-20 14:46:38,116 [ERROR] Error exporting DataFrame: [Errno 13] Permission denied: 'C:\\Users\\hitesh.paliwal\\Desktop\\ExcelProject\\filtered_vins2.csv'
Traceback (most recent call last):
  File "C:\Users\hitesh.paliwal\Desktop\ExcelProject\excel_processing.py", line 147, in export_dataframe
    data_frame.to_csv(output_path, index=False)
  File "C:\Users\hitesh.paliwal\Desktop\ExcelProject\.venv\lib\site-packages\pandas\util\_decorators.py", line 333, in wrapper
    return func(*args, **kwargs)
  File "C:\Users\hitesh.paliwal\Desktop\ExcelProject\.venv\lib\site-packages\pandas\core\generic.py", line 3967, in to_csv
    return DataFrameRenderer(formatter).to_csv(
  File "C:\Users\hitesh.paliwal\Desktop\ExcelProject\.venv\lib\site-packages\pandas\io\formats\format.py", line 1014, in to_csv
    csv_formatter.save()
  File "C:\Users\hitesh.paliwal\Desktop\ExcelProject\.venv\lib\site-packages\pandas\io\formats\csvs.py", line 251, in save
    with get_handle(
  File "C:\Users\hitesh.paliwal\Desktop\ExcelProject\.venv\lib\site-packages\pandas\io\common.py", line 873, in get_handle
    handle = open(
PermissionError: [Errno 13] Permission denied: 'C:\\Users\\hitesh.paliwal\\Desktop\\ExcelProject\\filtered_vins2.csv'
2025-06-20 14:46:38,121 [ERROR] Processing failed: [Errno 13] Permission denied: 'C:\\Users\\hitesh.paliwal\\Desktop\\ExcelProject\\filtered_vins2.csv'
Traceback (most recent call last):
  File "C:\Users\hitesh.paliwal\Desktop\ExcelProject\excel_processing.py", line 168, in process_excel
    export_dataframe(filtered_vins, output_file_path)
  File "C:\Users\hitesh.paliwal\Desktop\ExcelProject\excel_processing.py", line 147, in export_dataframe
    data_frame.to_csv(output_path, index=False)
  File "C:\Users\hitesh.paliwal\Desktop\ExcelProject\.venv\lib\site-packages\pandas\util\_decorators.py", line 333, in wrapper
    return func(*args, **kwargs)
  File "C:\Users\hitesh.paliwal\Desktop\ExcelProject\.venv\lib\site-packages\pandas\core\generic.py", line 3967, in to_csv
    return DataFrameRenderer(formatter).to_csv(
  File "C:\Users\hitesh.paliwal\Desktop\ExcelProject\.venv\lib\site-packages\pandas\io\formats\format.py", line 1014, in to_csv
    csv_formatter.save()
  File "C:\Users\hitesh.paliwal\Desktop\ExcelProject\.venv\lib\site-packages\pandas\io\formats\csvs.py", line 251, in save
    with get_handle(
  File "C:\Users\hitesh.paliwal\Desktop\ExcelProject\.venv\lib\site-packages\pandas\io\common.py", line 873, in get_handle
    handle = open(
PermissionError: [Errno 13] Permission denied: 'C:\\Users\\hitesh.paliwal\\Desktop\\ExcelProject\\filtered_vins2.csv'
2025-06-20 14:47:41,601 [INFO] Detected CSV (.csv) file format.
2025-06-20 14:47:41,607 [INFO] Input file columns: ['CONTRACT NUMBER', 'FORM', 'VIN', 'PURE RISK TYPE']
2025-06-20 14:47:41,612 [INFO] Filtered rows where COUNT == 1: 71
2025-06-20 14:47:41,614 [ERROR] Permission denied while writing to 'C:\Users\hitesh.paliwal\Desktop\ExcelProject\filtered_vins2.csv'.
2025-06-20 14:47:41,614 [ERROR] Please make sure the file is **not open in Excel** or any other application.
2025-06-20 14:47:41,614 [ERROR] Processing failed: [Errno 13] Permission denied: 'C:\\Users\\hitesh.paliwal\\Desktop\\ExcelProject\\filtered_vins2.csv'
Traceback (most recent call last):
  File "C:\Users\hitesh.paliwal\Desktop\ExcelProject\excel_processing.py", line 173, in process_excel
    export_dataframe(filtered_vins, output_file_path)
  File "C:\Users\hitesh.paliwal\Desktop\ExcelProject\excel_processing.py", line 147, in export_dataframe
    data_frame.to_csv(output_path, index=False)
  File "C:\Users\hitesh.paliwal\Desktop\ExcelProject\.venv\lib\site-packages\pandas\util\_decorators.py", line 333, in wrapper
    return func(*args, **kwargs)
  File "C:\Users\hitesh.paliwal\Desktop\ExcelProject\.venv\lib\site-packages\pandas\core\generic.py", line 3967, in to_csv
    return DataFrameRenderer(formatter).to_csv(
  File "C:\Users\hitesh.paliwal\Desktop\ExcelProject\.venv\lib\site-packages\pandas\io\formats\format.py", line 1014, in to_csv
    csv_formatter.save()
  File "C:\Users\hitesh.paliwal\Desktop\ExcelProject\.venv\lib\site-packages\pandas\io\formats\csvs.py", line 251, in save
    with get_handle(
  File "C:\Users\hitesh.paliwal\Desktop\ExcelProject\.venv\lib\site-packages\pandas\io\common.py", line 873, in get_handle
    handle = open(
PermissionError: [Errno 13] Permission denied: 'C:\\Users\\hitesh.paliwal\\Desktop\\ExcelProject\\filtered_vins2.csv'
2025-06-20 14:47:54,374 [INFO] Detected CSV (.csv) file format.
2025-06-20 14:47:54,380 [INFO] Input file columns: ['CONTRACT NUMBER', 'FORM', 'VIN', 'PURE RISK TYPE']
2025-06-20 14:47:54,385 [INFO] Filtered rows where COUNT == 1: 71
2025-06-20 14:47:54,388 [ERROR] Permission denied while writing to 'C:\Users\hitesh.paliwal\Desktop\ExcelProject\filtered_vins2.csv'.
2025-06-20 14:47:54,388 [ERROR] Please make sure the file is **not open in Excel** or any other application.
2025-06-20 14:47:54,388 [ERROR] Processing failed: [Errno 13] Permission denied: 'C:\\Users\\hitesh.paliwal\\Desktop\\ExcelProject\\filtered_vins2.csv'
Traceback (most recent call last):
  File "C:\Users\hitesh.paliwal\Desktop\ExcelProject\excel_processing.py", line 174, in process_excel
    export_dataframe(filtered_vins, output_file_path)
  File "C:\Users\hitesh.paliwal\Desktop\ExcelProject\excel_processing.py", line 147, in export_dataframe
    data_frame.to_csv(output_path, index=False)
  File "C:\Users\hitesh.paliwal\Desktop\ExcelProject\.venv\lib\site-packages\pandas\util\_decorators.py", line 333, in wrapper
    return func(*args, **kwargs)
  File "C:\Users\hitesh.paliwal\Desktop\ExcelProject\.venv\lib\site-packages\pandas\core\generic.py", line 3967, in to_csv
    return DataFrameRenderer(formatter).to_csv(
  File "C:\Users\hitesh.paliwal\Desktop\ExcelProject\.venv\lib\site-packages\pandas\io\formats\format.py", line 1014, in to_csv
    csv_formatter.save()
  File "C:\Users\hitesh.paliwal\Desktop\ExcelProject\.venv\lib\site-packages\pandas\io\formats\csvs.py", line 251, in save
    with get_handle(
  File "C:\Users\hitesh.paliwal\Desktop\ExcelProject\.venv\lib\site-packages\pandas\io\common.py", line 873, in get_handle
    handle = open(
PermissionError: [Errno 13] Permission denied: 'C:\\Users\\hitesh.paliwal\\Desktop\\ExcelProject\\filtered_vins2.csv'
2025-06-20 14:49:11,843 [INFO] Detected CSV (.csv) file format.
2025-06-20 14:49:11,849 [INFO] Input file columns: ['CONTRACT NUMBER', 'FORM', 'VIN', 'PURE RISK TYPE']
2025-06-20 14:49:11,854 [INFO] Filtered rows where COUNT == 1: 71
2025-06-20 14:49:11,855 [ERROR] Permission denied while writing to 'C:\Users\hitesh.paliwal\Desktop\ExcelProject\filtered_vins2.csv'.
2025-06-20 14:49:11,855 [ERROR] Please make sure the file is **not open in Excel** or any other application.
2025-06-20 14:49:11,856 [ERROR] Processing aborted due to file access error.
2025-06-20 14:49:21,867 [INFO] Detected CSV (.csv) file format.
2025-06-20 14:49:21,873 [INFO] Input file columns: ['CONTRACT NUMBER', 'FORM', 'VIN', 'PURE RISK TYPE']
2025-06-20 14:49:21,879 [INFO] Filtered rows where COUNT == 1: 71
2025-06-20 14:49:21,882 [INFO] Data exported successfully to: C:\Users\hitesh.paliwal\Desktop\ExcelProject\filtered_vins2.csv
2025-06-20 14:49:21,882 [INFO] Processing completed in 0.02 seconds.
2025-06-20 14:50:10,389 [INFO] Detected CSV (.csv) file format.
2025-06-20 14:50:10,395 [INFO] Input file columns: ['CONTRACT NUMBER', 'FORM', 'VIN', 'PURE RISK TYPE']
2025-06-20 14:50:10,400 [INFO] Filtered rows where COUNT == 1: 71
2025-06-20 14:50:10,403 [INFO] Data exported successfully to: C:\Users\hitesh.paliwal\Desktop\ExcelProject\filtered_vins2.csv
2025-06-20 14:50:10,403 [INFO] Processing completed in 0.01 seconds.
2025-06-20 14:50:20,655 [INFO] Detected CSV (.csv) file format.
2025-06-20 14:50:20,661 [INFO] Input file columns: ['CONTRACT NUMBER', 'FORM', 'VIN', 'UNNAMED: 3']
2025-06-20 14:50:20,663 [ERROR] Processing failed: Missing required columns: ['PURE RISK TYPE']
Traceback (most recent call last):
  File "C:\Users\hitesh.paliwal\Desktop\ExcelProject\excel_processing.py", line 171, in process_excel
    validate_columns(data_frame, config['required_columns'])
  File "C:\Users\hitesh.paliwal\Desktop\ExcelProject\excel_processing.py", line 68, in validate_columns
    raise ValueError(f"Missing required columns: {missing_cols}")
ValueError: Missing required columns: ['PURE RISK TYPE']
2025-06-20 14:51:14,614 [INFO] Detected CSV (.csv) file format.
2025-06-20 14:51:14,627 [INFO] Input file columns: ['CONTRACT NUMBER', 'FORM', 'VIN', 'UNNAMED: 3']
2025-06-20 14:51:14,631 [ERROR] Processing failed: Missing required columns: ['PURE RISK TYPE']
Traceback (most recent call last):
  File "C:\Users\hitesh.paliwal\Desktop\ExcelProject\excel_processing.py", line 171, in process_excel
    validate_columns(data_frame, config['required_columns'])
  File "C:\Users\hitesh.paliwal\Desktop\ExcelProject\excel_processing.py", line 68, in validate_columns
    raise ValueError(f"Missing required columns: {missing_cols}")
ValueError: Missing required columns: ['PURE RISK TYPE']
2025-06-20 14:52:29,387 [INFO] Detected CSV (.csv) file format.
2025-06-20 14:52:29,397 [INFO] Input file columns: ['CONTRACT NUMBER', 'FORM', 'VIN', 'UNNAMED: 3']
2025-06-20 14:52:29,402 [ERROR] Processing failed: %s
Traceback (most recent call last):
  File "C:\Users\hitesh.paliwal\Desktop\ExcelProject\excel_processing.py", line 171, in process_excel
    validate_columns(data_frame, config['required_columns'])
  File "C:\Users\hitesh.paliwal\Desktop\ExcelProject\excel_processing.py", line 68, in validate_columns
    raise ValueError(f"Missing required columns: {missing_cols}")
ValueError: Missing required columns: ['PURE RISK TYPE']
2025-06-20 14:53:10,343 [INFO] Detected CSV (.csv) file format.
2025-06-20 14:53:10,353 [INFO] Input file columns: ['CONTRACT NUMBER', 'FORM', 'VIN', 'UNNAMED: 3']
2025-06-20 14:53:51,869 [ERROR] Processing failed: Missing required columns: ['PURE RISK TYPE']
Traceback (most recent call last):
  File "C:\Users\hitesh.paliwal\Desktop\ExcelProject\excel_processing.py", line 171, in process_excel
    validate_columns(data_frame, config['required_columns'])
  File "C:\Users\hitesh.paliwal\Desktop\ExcelProject\excel_processing.py", line 68, in validate_columns
    raise ValueError(f"Missing required columns: {missing_cols}")
ValueError: Missing required columns: ['PURE RISK TYPE']
2025-06-20 14:54:01,447 [INFO] Detected CSV (.csv) file format.
2025-06-20 14:54:01,453 [INFO] Input file columns: ['CONTRACT NUMBER', 'FORM', 'VIN', 'UNNAMED: 3']
2025-06-20 14:54:01,455 [ERROR] Processing failed: Missing required columns: ['PURE RISK TYPE']
Traceback (most recent call last):
  File "C:\Users\hitesh.paliwal\Desktop\ExcelProject\excel_processing.py", line 171, in process_excel
    validate_columns(data_frame, config['required_columns'])
  File "C:\Users\hitesh.paliwal\Desktop\ExcelProject\excel_processing.py", line 68, in validate_columns
    raise ValueError(f"Missing required columns: {missing_cols}")
ValueError: Missing required columns: ['PURE RISK TYPE']
2025-06-20 14:55:28,933 [INFO] Detected CSV (.csv) file format.
2025-06-20 14:55:28,938 [INFO] Input file columns: ['CONTRACT NUMBER', 'FORM', 'VIN', 'UNNAMED: 3']
2025-06-20 14:55:28,941 [ERROR] Processing aborted: Missing required columns: ['PURE RISK TYPE']
2025-06-20 14:56:06,656 [INFO] Detected CSV (.csv) file format.
2025-06-20 14:56:06,662 [INFO] Input file columns: ['CONTRACT NUMBER', 'FORM', 'VIN', 'UNNAMED: 3']
2025-06-20 14:56:06,664 [ERROR] Processing failed: Missing required columns: ['PURE RISK TYPE']
Traceback (most recent call last):
  File "C:\Users\hitesh.paliwal\Desktop\ExcelProject\excel_processing.py", line 171, in process_excel
    validate_columns(data_frame, config['required_columns'])
  File "C:\Users\hitesh.paliwal\Desktop\ExcelProject\excel_processing.py", line 68, in validate_columns
    raise ValueError(f"Missing required columns: {missing_cols}")
ValueError: Missing required columns: ['PURE RISK TYPE']
2025-06-20 14:56:42,218 [INFO] Detected CSV (.csv) file format.
2025-06-20 14:56:42,223 [INFO] Input file columns: ['CONTRACT NUMBER', 'FORM', 'VIN', 'UNNAMED: 3']
2025-06-20 14:56:42,225 [ERROR] Processing aborted: Missing required columns: ['PURE RISK TYPE']
2025-06-20 14:57:14,203 [INFO] Detected CSV (.csv) file format.
2025-06-20 14:57:14,209 [INFO] Input file columns: ['CONTRACT NUMBER', 'FORM', 'VIN', 'PURE RISK TYPE']
2025-06-20 14:57:14,215 [INFO] Filtered rows where COUNT == 1: 71
2025-06-20 14:57:14,218 [INFO] Data exported successfully to: C:\Users\hitesh.paliwal\Desktop\ExcelProject\filtered_vins2.csv
2025-06-20 14:57:14,218 [INFO] Processing completed in 0.02 seconds.
2025-06-20 15:14:37,466 [INFO] Detected CSV (.csv) file format.
2025-06-20 15:14:37,719 [INFO] Input file columns: ['LEGACY INDEX', 'PROGRAM CODE', 'DESCRIPTION', 'DEALER CODE', 'DEALER NAME', 'MEMBER NUMBER', 'TRANSACTION TYPE', 'FIRST NAME', 'LAST NAME', 'ADDRESS', 'CITY', 'STATE', 'ZIP', 'COUNTRY', 'TERM MILES', 'TERM', 'START DATE', 'START MILES', 'VIN', 'MAKE', 'MODEL', 'TRACKING', 'PRICE', 'PREV PROGRAM', 'PREV PRICE', 'SUBMITTED BY', 'END DATE']
2025-06-20 15:14:37,993 [INFO] Filtered rows where COUNT == 1: 999
2025-06-20 15:14:38,009 [INFO] Data exported successfully to: C:\Users\hitesh.paliwal\Desktop\ExcelProject\filtered_vins1.csv
2025-06-20 15:14:38,010 [INFO] Processing completed in 0.54 seconds.
2025-06-20 15:24:52,281 [INFO] Detected CSV (.csv) file format.
2025-06-20 15:24:52,287 [INFO] Input file columns: ['CONTRACT NUMBER', 'FORM', 'VIN', 'PURE RISK TYPE']
2025-06-20 15:24:52,294 [ERROR] Permission denied while writing to 'C:\Users\hitesh.paliwal\Desktop\ExcelProject\filtered_vins2.csv'.
2025-06-20 15:24:52,294 [ERROR] Please make sure the file is **not open in Excel** or any other application.
2025-06-20 15:24:52,295 [ERROR] Processing aborted due to file access error.
2025-06-20 15:25:32,666 [INFO] Detected CSV (.csv) file format.
2025-06-20 15:25:32,673 [INFO] Input file columns: ['CONTRACT NUMBER', 'FORM', 'VIN', 'PURE RISK TYPE']
2025-06-20 15:25:32,682 [INFO] Data exported successfully to: C:\Users\hitesh.paliwal\Desktop\ExcelProject\filtered_vins2.csv
2025-06-20 15:25:32,682 [INFO] Processing completed in 0.02 seconds.
2025-06-20 15:26:38,021 [INFO] Detected CSV (.csv) file format.
2025-06-20 15:26:38,026 [INFO] Input file columns: ['CONTRACT NUMBER', 'FORM', 'VIN', 'PURE RISK TYPE']
2025-06-20 15:26:38,035 [INFO] Data exported successfully to: C:\Users\hitesh.paliwal\Desktop\ExcelProject\filtered_vins2.csv
2025-06-20 15:26:38,035 [INFO] Processing completed in 0.01 seconds.
2025-06-20 15:26:55,370 [INFO] Detected CSV (.csv) file format.
2025-06-20 15:26:55,612 [INFO] Input file columns: ['LEGACY INDEX', 'PROGRAM CODE', 'DESCRIPTION', 'DEALER CODE', 'DEALER NAME', 'MEMBER NUMBER', 'TRANSACTION TYPE', 'FIRST NAME', 'LAST NAME', 'ADDRESS', 'CITY', 'STATE', 'ZIP', 'COUNTRY', 'TERM MILES', 'TERM', 'START DATE', 'START MILES', 'VIN', 'MAKE', 'MODEL', 'TRACKING', 'PRICE', 'PREV PROGRAM', 'PREV PRICE', 'SUBMITTED BY', 'END DATE']
2025-06-20 15:26:55,902 [INFO] Data exported successfully to: C:\Users\hitesh.paliwal\Desktop\ExcelProject\filtered_vins1.csv
2025-06-20 15:26:55,902 [INFO] Processing completed in 0.53 seconds.
2025-06-20 15:26:55,909 [INFO] Detected CSV (.csv) file format.
2025-06-20 15:26:55,913 [INFO] Input file columns: ['CONTRACT NUMBER', 'FORM', 'VIN', 'PURE RISK TYPE']
2025-06-20 15:26:55,920 [INFO] Data exported successfully to: C:\Users\hitesh.paliwal\Desktop\ExcelProject\filtered_vins2.csv
2025-06-20 15:26:55,920 [INFO] Processing completed in 0.01 seconds.
2025-06-20 15:27:33,325 [INFO] Detected CSV (.csv) file format.
2025-06-20 15:27:33,552 [INFO] Input file columns: ['LEGACY INDEX', 'PROGRAM CODE', 'DESCRIPTION', 'DEALER CODE', 'DEALER NAME', 'MEMBER NUMBER', 'TRANSACTION TYPE', 'FIRST NAME', 'LAST NAME', 'ADDRESS', 'CITY', 'STATE', 'ZIP', 'COUNTRY', 'TERM MILES', 'TERM', 'START DATE', 'START MILES', 'VIN', 'MAKE', 'MODEL', 'TRACKING', 'PRICE', 'PREV PROGRAM', 'PREV PRICE', 'SUBMITTED BY', 'END DATE']
2025-06-20 15:27:33,829 [INFO] Data exported successfully to: C:\Users\hitesh.paliwal\Desktop\ExcelProject\filtered_vins1.csv
2025-06-20 15:27:33,830 [INFO] Processing completed in 0.51 seconds.
2025-06-20 15:27:33,836 [INFO] Detected CSV (.csv) file format.
2025-06-20 15:27:33,839 [INFO] Input file columns: ['CONTRACT NUMBER', 'FORM', 'VIN', 'PURE RISK TYPE']
2025-06-20 15:27:33,846 [INFO] Data exported successfully to: C:\Users\hitesh.paliwal\Desktop\ExcelProject\filtered_vins2.csv
2025-06-20 15:27:33,846 [INFO] Processing completed in 0.01 seconds.
2025-06-20 15:27:51,026 [INFO] Detected CSV (.csv) file format.
2025-06-20 15:27:51,539 [INFO] Data exported successfully to: C:\Users\hitesh.paliwal\Desktop\ExcelProject\filtered_vins1.csv
2025-06-20 15:27:51,540 [INFO] Processing completed in 0.51 seconds.
2025-06-20 15:27:51,547 [INFO] Detected CSV (.csv) file format.
2025-06-20 15:27:51,556 [INFO] Data exported successfully to: C:\Users\hitesh.paliwal\Desktop\ExcelProject\filtered_vins2.csv
2025-06-20 15:27:51,556 [INFO] Processing completed in 0.01 seconds.
2025-06-20 15:32:38,516 [INFO] Detected CSV (.csv) file format.
2025-06-20 15:32:38,543 [INFO] Filtered rows where Count == 1: 71
2025-06-20 15:32:38,548 [INFO] Data exported successfully to: C:\Users\hitesh.paliwal\Desktop\ExcelProject\filtered_vins2.csv
2025-06-20 15:32:38,548 [INFO] Processing completed in 0.03 seconds.
2025-06-20 15:33:45,939 [INFO] Detected CSV (.csv) file format.
2025-06-20 15:33:46,480 [INFO] Filtered rows where Count == 1: 999
2025-06-20 15:33:46,494 [INFO] Data exported successfully to: C:\Users\hitesh.paliwal\Desktop\ExcelProject\filtered_vins1.csv
2025-06-20 15:33:46,494 [INFO] Processing completed in 0.56 seconds.
2025-06-20 15:34:14,119 [INFO] Detected CSV (.csv) file format.
2025-06-20 15:34:14,131 [INFO] Filtered rows where Count == 1: 71
2025-06-20 15:34:14,134 [INFO] Data exported successfully to: C:\Users\hitesh.paliwal\Desktop\ExcelProject\filtered_vins2.csv
2025-06-20 15:34:14,134 [INFO] Processing completed in 0.02 seconds.
2025-06-20 15:35:03,715 [INFO] Detected CSV (.csv) file format.
2025-06-20 15:35:04,262 [INFO] Filtered rows where Count == 1: 999
2025-06-20 15:35:04,277 [INFO] Data exported successfully to: C:\Users\hitesh.paliwal\Desktop\ExcelProject\filtered_vins1.csv
2025-06-20 15:35:04,277 [INFO] Processing completed in 0.56 seconds.
2025-06-20 15:38:48,051 [INFO] Detected CSV (.csv) file format.
2025-06-20 15:38:48,063 [INFO] Filtered rows where Count == 1: 71
2025-06-20 15:38:48,066 [INFO] Data exported successfully to: C:\Users\hitesh.paliwal\Desktop\ExcelProject\filtered_vins2.csv
2025-06-20 15:38:48,066 [INFO] Processing completed in 0.02 seconds.
2025-06-20 15:57:55,120 [INFO] Detected CSV (.csv) file format.
2025-06-20 15:57:55,132 [INFO] Filtered rows where Count == 1: 71
2025-06-20 15:57:55,135 [INFO] Data exported successfully to: C:\Users\hitesh.paliwal\Desktop\ExcelProject\filtered_vins2.csv
2025-06-20 15:57:55,135 [INFO] Processing completed in 0.02 seconds.
2025-06-20 15:58:10,679 [INFO] Detected CSV (.csv) file format.
2025-06-20 15:58:11,235 [INFO] Filtered rows where Count == 1: 999
2025-06-20 15:58:11,250 [INFO] Data exported successfully to: C:\Users\hitesh.paliwal\Desktop\ExcelProject\filtered_vins1.csv
2025-06-20 15:58:11,250 [INFO] Processing completed in 0.57 seconds.
2025-06-20 15:59:15,357 [INFO] Detected Excel (.xlsx) file format.
2025-06-20 15:59:25,191 [INFO] Filtered rows where Count == 1: 999
2025-06-20 15:59:25,729 [INFO] Data exported successfully to: C:\Users\hitesh.paliwal\Desktop\ExcelProject\filtered_vins1.xlsx
2025-06-20 15:59:25,729 [INFO] Processing completed in 10.37 seconds.
2025-06-20 16:07:40,435 [INFO] Detected CSV (.csv) file format.
2025-06-20 16:07:40,448 [ERROR] Error filtering rows with COUNT == 1: name 'filtered_records_file1' is not defined
Traceback (most recent call last):
  File "C:\Users\hitesh.paliwal\Desktop\ExcelProject\excel_processing.py", line 147, in filter_vins_with_count_one
    filtered_json_file1 = json.dumps(filtered_records_file1, indent=2)
NameError: name 'filtered_records_file1' is not defined
2025-06-20 16:07:40,448 [ERROR] Unexpected error during processing: name 'filtered_records_file1' is not defined
Traceback (most recent call last):
  File "C:\Users\hitesh.paliwal\Desktop\ExcelProject\excel_processing.py", line 194, in process_excel
    filtered_df, filtered_list = filter_vins_with_count_one(data_frame, config.get('export_columns', 'ALL'))
  File "C:\Users\hitesh.paliwal\Desktop\ExcelProject\excel_processing.py", line 147, in filter_vins_with_count_one
    filtered_json_file1 = json.dumps(filtered_records_file1, indent=2)
NameError: name 'filtered_records_file1' is not defined
2025-06-20 16:09:07,886 [INFO] Detected CSV (.csv) file format.
2025-06-20 16:09:07,898 [INFO] Filtered rows where Count == 1: 71
2025-06-20 16:09:07,901 [INFO] Data exported successfully to: C:\Users\hitesh.paliwal\Desktop\ExcelProject\filtered_vins2.csv
2025-06-20 16:09:07,901 [INFO] Processing completed in 0.02 seconds.
2025-06-20 16:10:09,503 [INFO] Detected CSV (.csv) file format.
2025-06-20 16:10:09,516 [INFO] Filtered rows where Count == 1: 71
2025-06-20 16:10:09,519 [INFO] Data exported successfully to: C:\Users\hitesh.paliwal\Desktop\ExcelProject\filtered_vins2.csv
2025-06-20 16:10:09,519 [INFO] Processing completed in 0.02 seconds.
2025-06-20 16:13:00,714 [INFO] Detected CSV (.csv) file format.
2025-06-20 16:13:00,727 [INFO] Filtered rows where Count == 1: 71
2025-06-20 16:13:00,731 [INFO] Data exported successfully to: C:\Users\hitesh.paliwal\Desktop\ExcelProject\filtered_vins2.csv
2025-06-20 16:13:00,731 [INFO] Processing completed in 0.02 seconds.
2025-06-20 16:13:53,051 [INFO] Detected CSV (.csv) file format.
2025-06-20 16:13:53,063 [INFO] Filtered rows where Count == 1: 71
2025-06-20 16:13:53,067 [INFO] Data exported successfully to: C:\Users\hitesh.paliwal\Desktop\ExcelProject\filtered_vins2.csv
2025-06-20 16:13:53,067 [INFO] Processing completed in 0.02 seconds.
2025-06-20 16:17:17,746 [INFO] Detected CSV (.csv) file format.
2025-06-20 16:17:17,760 [INFO] Filtered rows where Count == 1: 71
2025-06-20 16:17:17,762 [INFO] Data exported successfully to: C:\Users\hitesh.paliwal\Desktop\ExcelProject\filtered_vins2.csv
2025-06-20 16:17:17,764 [INFO] Processing completed in 0.02 seconds.
2025-06-20 16:30:16,911 [INFO] Detected CSV (.csv) file format.
2025-06-20 16:30:16,927 [INFO] Filtered rows where Count == 1: 71
2025-06-20 16:30:16,929 [ERROR] Permission denied while writing to 'C:\Users\hitesh.paliwal\Desktop\ExcelProject\filtered_vins2.csv'.
2025-06-20 16:30:16,929 [ERROR] Please make sure the file is **not open in Excel** or any other application.
2025-06-20 16:30:16,929 [ERROR] Processing aborted due to file access error.
2025-06-20 16:30:35,287 [INFO] Detected CSV (.csv) file format.
2025-06-20 16:30:35,299 [INFO] Filtered rows where Count == 1: 71
2025-06-20 16:30:35,302 [INFO] Data exported successfully to: C:\Users\hitesh.paliwal\Desktop\ExcelProject\filtered_vins2.csv
2025-06-20 16:30:35,302 [INFO] Processing completed in 0.02 seconds.
2025-06-20 16:32:00,120 [INFO] Detected CSV (.csv) file format.
2025-06-20 16:32:00,132 [ERROR] Error filtering rows with COUNT == 1: can only concatenate str (not "int") to str
Traceback (most recent call last):
  File "C:\Users\hitesh.paliwal\Desktop\ExcelProject\excel_processing.py", line 149, in filter_vins_with_count_one
    logger.info(f"Filtered rows where Count == 1:" + count)
TypeError: can only concatenate str (not "int") to str
2025-06-20 16:32:00,133 [ERROR] Unexpected error during processing: can only concatenate str (not "int") to str
Traceback (most recent call last):
  File "C:\Users\hitesh.paliwal\Desktop\ExcelProject\excel_processing.py", line 193, in process_excel
    filtered_df, filtered_list = filter_vins_with_count_one(data_frame, config.get('export_columns', 'ALL'))
  File "C:\Users\hitesh.paliwal\Desktop\ExcelProject\excel_processing.py", line 149, in filter_vins_with_count_one
    logger.info(f"Filtered rows where Count == 1:" + count)
TypeError: can only concatenate str (not "int") to str
2025-06-20 16:32:07,711 [INFO] Detected CSV (.csv) file format.
2025-06-20 16:32:07,743 [INFO] Data exported successfully to: C:\Users\hitesh.paliwal\Desktop\ExcelProject\filtered_vins2.csv
2025-06-20 16:32:07,744 [INFO] Processing completed in 0.03 seconds.
2025-06-20 16:33:32,614 [INFO] Detected CSV (.csv) file format.
2025-06-20 16:33:32,627 [INFO] Filtered rows where Count == 1: 71
2025-06-20 16:33:32,630 [INFO] Data exported successfully to: C:\Users\hitesh.paliwal\Desktop\ExcelProject\filtered_vins2.csv
2025-06-20 16:33:32,630 [INFO] Processing completed in 0.02 seconds.
2025-06-20 16:38:25,731 [INFO] Detected CSV (.csv) file format.
2025-06-20 16:38:25,739 [ERROR] Processing aborted: Missing required columns: ['FORM', 'PURE RISK TYPE']
2025-06-20 16:39:06,136 [INFO] Detected CSV (.csv) file format.
2025-06-20 16:39:06,144 [ERROR] Error during preprocessing: 'FORM'
Traceback (most recent call last):
  File "C:\Users\hitesh.paliwal\Desktop\ExcelProject\excel_processing.py", line 81, in preprocess_data
    data_frame.sort_values(by=sort_columns, ascending=sort_orders, kind='mergesort', inplace=True)
  File "C:\Users\hitesh.paliwal\Desktop\ExcelProject\.venv\lib\site-packages\pandas\core\frame.py", line 7172, in sort_values
    keys = [self._get_label_or_level_values(x, axis=axis) for x in by]
  File "C:\Users\hitesh.paliwal\Desktop\ExcelProject\.venv\lib\site-packages\pandas\core\frame.py", line 7172, in <listcomp>
    keys = [self._get_label_or_level_values(x, axis=axis) for x in by]
  File "C:\Users\hitesh.paliwal\Desktop\ExcelProject\.venv\lib\site-packages\pandas\core\generic.py", line 1911, in _get_label_or_level_values
    raise KeyError(key)
KeyError: 'FORM'
2025-06-20 16:39:06,166 [ERROR] Unexpected error during processing: 'FORM'
Traceback (most recent call last):
  File "C:\Users\hitesh.paliwal\Desktop\ExcelProject\excel_processing.py", line 190, in process_excel
    data_frame = preprocess_data(data_frame, config['sort_by'])
  File "C:\Users\hitesh.paliwal\Desktop\ExcelProject\excel_processing.py", line 81, in preprocess_data
    data_frame.sort_values(by=sort_columns, ascending=sort_orders, kind='mergesort', inplace=True)
  File "C:\Users\hitesh.paliwal\Desktop\ExcelProject\.venv\lib\site-packages\pandas\core\frame.py", line 7172, in sort_values
    keys = [self._get_label_or_level_values(x, axis=axis) for x in by]
  File "C:\Users\hitesh.paliwal\Desktop\ExcelProject\.venv\lib\site-packages\pandas\core\frame.py", line 7172, in <listcomp>
    keys = [self._get_label_or_level_values(x, axis=axis) for x in by]
  File "C:\Users\hitesh.paliwal\Desktop\ExcelProject\.venv\lib\site-packages\pandas\core\generic.py", line 1911, in _get_label_or_level_values
    raise KeyError(key)
KeyError: 'FORM'
2025-06-20 16:39:44,006 [INFO] Detected CSV (.csv) file format.
2025-06-20 16:39:44,018 [INFO] Filtered rows where Count == 1: 71
2025-06-20 16:39:44,021 [INFO] Data exported successfully to: C:\Users\hitesh.paliwal\Desktop\ExcelProject\filtered_vins2.csv
2025-06-20 16:39:44,021 [INFO] Processing completed in 0.02 seconds.
2025-06-20 16:49:15,392 [INFO] Detected CSV (.csv) file format.
2025-06-20 16:49:15,418 [ERROR] Error filtering data: invalid __array_struct__
Traceback (most recent call last):
  File "C:\Users\hitesh.paliwal\Desktop\ExcelProject\excel_processing.py", line 134, in filter_and_format
    result_renamed = result.rename(columns={col: column_map.get(col, col)})
  File "C:\Users\hitesh.paliwal\Desktop\ExcelProject\.venv\lib\site-packages\pandas\core\frame.py", line 5767, in rename
    return super()._rename(
  File "C:\Users\hitesh.paliwal\Desktop\ExcelProject\.venv\lib\site-packages\pandas\core\generic.py", line 1122, in _rename
    indexer = ax.get_indexer_for(replacements)
  File "C:\Users\hitesh.paliwal\Desktop\ExcelProject\.venv\lib\site-packages\pandas\core\indexes\base.py", line 6182, in get_indexer_for
    return self.get_indexer(target)
  File "C:\Users\hitesh.paliwal\Desktop\ExcelProject\.venv\lib\site-packages\pandas\core\indexes\base.py", line 3880, in get_indexer
    target = self._maybe_cast_listlike_indexer(target)
  File "C:\Users\hitesh.paliwal\Desktop\ExcelProject\.venv\lib\site-packages\pandas\core\indexes\base.py", line 6683, in _maybe_cast_listlike_indexer
    return ensure_index(target)
  File "C:\Users\hitesh.paliwal\Desktop\ExcelProject\.venv\lib\site-packages\pandas\core\indexes\base.py", line 7649, in ensure_index
    return Index(index_like, copy=copy)
  File "C:\Users\hitesh.paliwal\Desktop\ExcelProject\.venv\lib\site-packages\pandas\core\indexes\base.py", line 565, in __new__
    arr = sanitize_array(data, None, dtype=dtype, copy=copy)
  File "C:\Users\hitesh.paliwal\Desktop\ExcelProject\.venv\lib\site-packages\pandas\core\construction.py", line 654, in sanitize_array
    subarr = maybe_convert_platform(data)
  File "C:\Users\hitesh.paliwal\Desktop\ExcelProject\.venv\lib\site-packages\pandas\core\dtypes\cast.py", line 130, in maybe_convert_platform
    arr = construct_1d_object_array_from_listlike(values)
  File "C:\Users\hitesh.paliwal\Desktop\ExcelProject\.venv\lib\site-packages\pandas\core\dtypes\cast.py", line 1600, in construct_1d_object_array_from_listlike
    result[:] = values
ValueError: invalid __array_struct__
2025-06-20 16:49:15,429 [ERROR] Processing failed: invalid __array_struct__
2025-06-20 16:49:56,741 [INFO] Detected CSV (.csv) file format.
2025-06-20 16:49:56,754 [INFO] Filtered rows where Count == 1: 71
2025-06-20 16:49:56,757 [INFO] Data exported successfully to: C:\Users\hitesh.paliwal\Desktop\ExcelProject\filtered_vins2.csv
2025-06-20 16:49:56,757 [INFO] Processing completed in 0.02 seconds.
2025-06-20 16:50:06,391 [INFO] Detected CSV (.csv) file format.
2025-06-20 16:50:06,403 [INFO] Filtered rows where Count == 1: 71
2025-06-20 16:50:06,406 [INFO] Data exported successfully to: C:\Users\hitesh.paliwal\Desktop\ExcelProject\filtered_vins2.csv
2025-06-20 16:50:06,406 [INFO] Processing completed in 0.02 seconds.
2025-06-20 16:50:23,317 [INFO] Detected CSV (.csv) file format.
2025-06-20 16:50:23,331 [INFO] Filtered rows where Count == 1: 71
2025-06-20 16:50:23,334 [INFO] Data exported successfully to: C:\Users\hitesh.paliwal\Desktop\ExcelProject\filtered_vins2.csv
2025-06-20 16:50:23,334 [INFO] Processing completed in 0.02 seconds.
2025-06-20 16:52:15,191 [INFO] Detected Excel (.xlsx) file format.
2025-06-20 16:52:31,684 [INFO] Filtered rows where Count == 1: 999
2025-06-20 16:52:32,594 [INFO] Data exported successfully to: C:\Users\hitesh.paliwal\Desktop\ExcelProject\filtered_vins1.xlsx
2025-06-20 16:52:32,596 [INFO] Processing completed in 17.4 seconds.
2025-06-20 16:52:32,624 [INFO] Detected CSV (.csv) file format.
2025-06-20 16:52:32,639 [INFO] Filtered rows where Count == 1: 71
2025-06-20 16:52:32,644 [INFO] Data exported successfully to: C:\Users\hitesh.paliwal\Desktop\ExcelProject\filtered_vins2.csv
2025-06-20 16:52:32,644 [INFO] Processing completed in 0.02 seconds.
2025-06-20 16:54:48,411 [INFO] Detected CSV (.csv) file format.
2025-06-20 16:54:48,439 [INFO] Filtered rows where Count == 1: 71
2025-06-20 16:54:48,443 [INFO] Data exported successfully to: C:\Users\hitesh.paliwal\Desktop\ExcelProject\filtered_vins2.csv
2025-06-20 16:54:48,443 [INFO] Processing completed in 0.03 seconds.
2025-06-20 16:58:03,333 [INFO] Detected Excel (.xlsx) file format.
2025-06-20 16:58:17,860 [INFO] Filtered rows where Count == 1: 999
2025-06-20 16:58:18,597 [INFO] Data exported successfully to: C:\Users\hitesh.paliwal\Desktop\ExcelProject\filtered_vins1.xlsx
2025-06-20 16:58:18,597 [INFO] Processing completed in 15.26 seconds.
2025-06-20 16:59:23,223 [INFO] Detected Excel (.xlsx) file format.
2025-06-20 16:59:36,273 [INFO] Filtered rows where Count == 1: 999
2025-06-20 16:59:36,291 [INFO] Data exported successfully to: C:\Users\hitesh.paliwal\Desktop\ExcelProject\filtered_vins1.csv
2025-06-20 16:59:36,291 [INFO] Processing completed in 13.07 seconds.
2025-06-20 17:15:51,442 [INFO] Detected CSV (.csv) file format.
2025-06-20 17:15:51,465 [INFO] Filtered rows where Count == 1: 71
2025-06-20 17:15:51,471 [INFO] Data exported successfully to: C:\Users\hitesh.paliwal\Desktop\ExcelProject\filtered_vins2.csv
2025-06-20 17:15:51,471 [INFO] Processing completed in 0.03 seconds.
2025-06-20 17:17:27,612 [INFO] Detected CSV (.csv) file format.
2025-06-20 17:17:27,641 [INFO] Filtered rows where Count == 1: 71
2025-06-20 17:17:27,646 [INFO] Data exported successfully to: C:\Users\hitesh.paliwal\Desktop\ExcelProject\filtered_vins2.csv
2025-06-20 17:17:27,646 [INFO] Processing completed in 0.03 seconds.
2025-06-20 17:26:04,135 [INFO] Detected Excel (.xlsx) file format.
2025-06-20 17:26:22,283 [INFO] Detected CSV (.csv) file format.
2025-06-20 17:26:22,309 [INFO] Filtered rows where Count == 1: 71
2025-06-20 17:26:22,314 [INFO] Data exported successfully to: C:\Users\hitesh.paliwal\Desktop\ExcelProject\filtered_vins2.csv
2025-06-20 17:26:22,315 [INFO] Processing completed in 0.03 seconds.
2025-06-20 17:27:39,546 [INFO] Detected CSV (.csv) file format.
2025-06-20 17:27:39,568 [ERROR] Error filtering rows with COUNT == 1: object of type 'int' has no len()
Traceback (most recent call last):
  File "C:\Users\hitesh.paliwal\Desktop\ExcelProject\excel_processing.py", line 140, in filter_vins_with_count_one
    logger.info(f"Filtered rows where Count == 1: {len(count)}")
TypeError: object of type 'int' has no len()
2025-06-20 17:27:39,570 [ERROR] Unexpected error during processing: object of type 'int' has no len()
Traceback (most recent call last):
  File "C:\Users\hitesh.paliwal\Desktop\ExcelProject\excel_processing.py", line 178, in process_excel
    filtered_df, filtered_list = filter_vins_with_count_one(data_frame, config.get('export_columns', 'ALL'))
  File "C:\Users\hitesh.paliwal\Desktop\ExcelProject\excel_processing.py", line 140, in filter_vins_with_count_one
    logger.info(f"Filtered rows where Count == 1: {len(count)}")
TypeError: object of type 'int' has no len()
2025-06-20 17:27:52,464 [INFO] Detected CSV (.csv) file format.
2025-06-20 17:27:52,484 [ERROR] Error filtering rows with COUNT == 1: object of type 'int' has no len()
Traceback (most recent call last):
  File "C:\Users\hitesh.paliwal\Desktop\ExcelProject\excel_processing.py", line 140, in filter_vins_with_count_one
    logger.info(f"Filtered rows where Count == 1: {len(count)}")
TypeError: object of type 'int' has no len()
2025-06-20 17:27:52,485 [ERROR] Unexpected error during processing: object of type 'int' has no len()
Traceback (most recent call last):
  File "C:\Users\hitesh.paliwal\Desktop\ExcelProject\excel_processing.py", line 178, in process_excel
    filtered_df, filtered_list = filter_vins_with_count_one(data_frame, config.get('export_columns', 'ALL'))
  File "C:\Users\hitesh.paliwal\Desktop\ExcelProject\excel_processing.py", line 140, in filter_vins_with_count_one
    logger.info(f"Filtered rows where Count == 1: {len(count)}")
TypeError: object of type 'int' has no len()
2025-06-20 17:28:07,359 [INFO] Detected CSV (.csv) file format.
2025-06-20 17:28:07,381 [INFO] Filtered rows where Count == 1: 71
2025-06-20 17:28:07,386 [INFO] Data exported successfully to: C:\Users\hitesh.paliwal\Desktop\ExcelProject\filtered_vins2.csv
2025-06-20 17:28:07,387 [INFO] Processing completed in 0.03 seconds.
2025-06-20 17:28:34,726 [INFO] Detected CSV (.csv) file format.
2025-06-20 17:28:34,749 [INFO] Filtered rows where Count == 1: 71
2025-06-20 17:28:34,753 [INFO] Data exported successfully to: C:\Users\hitesh.paliwal\Desktop\ExcelProject\filtered_vins2.csv
2025-06-20 17:28:34,754 [INFO] Processing completed in 0.03 seconds.
2025-06-20 17:29:06,222 [INFO] Detected CSV (.csv) file format.
2025-06-20 17:29:06,244 [INFO] Filtered rows where Count == 1: 71
2025-06-20 17:29:06,250 [INFO] Data exported successfully to: C:\Users\hitesh.paliwal\Desktop\ExcelProject\filtered_vins2.csv
2025-06-20 17:29:06,250 [INFO] Processing completed in 0.03 seconds.
